[18-Sep-2017 06:07:47 UTC] The The "add_to_cart_fragments" hook uses out of date data structures and function is deprecated since version 3.1.2. Replace with woocommerce_add_to_cart_fragments.
[18-Sep-2017 06:08:27 UTC] WP_Community_Events::maybe_log_events_response: Valid response received. Details: {"api_url":"https:\/\/api.wordpress.org\/events\/1.0\/","request_args":{"body":{"number":5,"ip":"::","locale":"en_US","timezone":"Europe\/Prague"}},"response_code":200,"response_body":{"location":{"ip":"193.85.179.90"},"events":"1 events trimmed."}}
[18-Sep-2017 06:09:29 UTC] The The "add_to_cart_fragments" hook uses out of date data structures and function is deprecated since version 3.1.2. Replace with woocommerce_add_to_cart_fragments.
[18-Sep-2017 06:13:34 UTC] The The "add_to_cart_fragments" hook uses out of date data structures and function is deprecated since version 3.1.2. Replace with woocommerce_add_to_cart_fragments.
[18-Sep-2017 07:07:18 UTC] The The "add_to_cart_fragments" hook uses out of date data structures and function is deprecated since version 3.1.2. Replace with woocommerce_add_to_cart_fragments.
[18-Sep-2017 07:13:39 UTC] The The "add_to_cart_fragments" hook uses out of date data structures and function is deprecated since version 3.1.2. Replace with woocommerce_add_to_cart_fragments.
[18-Sep-2017 07:13:39 UTC] The The "add_to_cart_fragments" hook uses out of date data structures and function is deprecated since version 3.1.2. Replace with woocommerce_add_to_cart_fragments.
[18-Sep-2017 07:14:18 UTC] The The "add_to_cart_fragments" hook uses out of date data structures and function is deprecated since version 3.1.2. Replace with woocommerce_add_to_cart_fragments.
[18-Sep-2017 07:16:58 UTC] PHP Fatal error:  Allowed memory size of 67108864 bytes exhausted (tried to allocate 36 bytes) in D:\Bradop\wp-includes\class-wp-term-query.php on line 654
[18-Sep-2017 07:17:11 UTC] The The "add_to_cart_fragments" hook uses out of date data structures and function is deprecated since version 3.1.2. Replace with woocommerce_add_to_cart_fragments.
[18-Sep-2017 07:41:40 UTC] The The "add_to_cart_fragments" hook uses out of date data structures and function is deprecated since version 3.1.2. Replace with woocommerce_add_to_cart_fragments.
[18-Sep-2017 07:52:37 UTC] The The "add_to_cart_fragments" hook uses out of date data structures and function is deprecated since version 3.1.2. Replace with woocommerce_add_to_cart_fragments.
[18-Sep-2017 08:09:42 UTC] The The "add_to_cart_fragments" hook uses out of date data structures and function is deprecated since version 3.1.2. Replace with woocommerce_add_to_cart_fragments.
[18-Sep-2017 08:21:17 UTC] PHP Notice:  Undefined index: advanced_open in D:\Bradop\wp-content\plugins\panopress\includes\admin.php on line 150
[18-Sep-2017 08:21:17 UTC] PHP Notice:  Undefined index: advanced_open in D:\Bradop\wp-content\plugins\panopress\includes\admin.php on line 300
[18-Sep-2017 08:27:49 UTC] PHP Notice:  Undefined index: plugin in D:\Bradop\wp-content\themes\accesspress-store\welcome\welcome.php on line 429
[18-Sep-2017 08:27:50 UTC] PHP Notice:  Undefined property: WP_Error::$name in D:\Bradop\wp-content\themes\accesspress-store\welcome\welcome.php on line 446
[18-Sep-2017 08:48:02 UTC] The The "add_to_cart_fragments" hook uses out of date data structures and function is deprecated since version 3.1.2. Replace with woocommerce_add_to_cart_fragments.
[18-Sep-2017 08:48:03 UTC] PHP Notice:  Undefined index: nl in D:\Bradop\wp-content\plugins\newsletter\widget\minimal.php on line 61
[18-Sep-2017 08:48:03 UTC] PHP Notice:  Undefined index: showf in D:\Bradop\wp-content\plugins\ultimate-social-media-icons\libs\sfsi_widget.php on line 90
[18-Sep-2017 08:48:04 UTC] PHP Notice:  Undefined index: nl in D:\Bradop\wp-content\plugins\newsletter\widget\minimal.php on line 61
[18-Sep-2017 09:22:53 UTC] The The "add_to_cart_fragments" hook uses out of date data structures and function is deprecated since version 3.1.2. Replace with woocommerce_add_to_cart_fragments.
[18-Sep-2017 09:24:21 UTC] The The "add_to_cart_fragments" hook uses out of date data structures and function is deprecated since version 3.1.2. Replace with woocommerce_add_to_cart_fragments.
[18-Sep-2017 12:10:48 UTC] PHP Notice:  Undefined index: nl in D:\Bradop\wp-content\plugins\newsletter\widget\minimal.php on line 61
[18-Sep-2017 12:10:48 UTC] PHP Notice:  Undefined index: showf in D:\Bradop\wp-content\plugins\ultimate-social-media-icons\libs\sfsi_widget.php on line 90
[18-Sep-2017 12:10:49 UTC] PHP Notice:  Undefined index: nl in D:\Bradop\wp-content\plugins\newsletter\widget\minimal.php on line 61
[18-Sep-2017 12:13:43 UTC] The The "add_to_cart_fragments" hook uses out of date data structures and function is deprecated since version 3.1.2. Replace with woocommerce_add_to_cart_fragments.
[18-Sep-2017 12:40:59 UTC] The The "add_to_cart_fragments" hook uses out of date data structures and function is deprecated since version 3.1.2. Replace with woocommerce_add_to_cart_fragments.
[18-Sep-2017 12:51:46 UTC] PHP Parse error:  syntax error, unexpected 'add_filter' (T_STRING) in D:\Bradop\wp-content\themes\accesspress-store-child02\functions.php on line 15
[18-Sep-2017 12:51:47 UTC] PHP Parse error:  syntax error, unexpected 'add_filter' (T_STRING) in D:\Bradop\wp-content\themes\accesspress-store-child02\functions.php on line 15
[18-Sep-2017 12:51:53 UTC] PHP Parse error:  syntax error, unexpected 'add_filter' (T_STRING) in D:\Bradop\wp-content\themes\accesspress-store-child02\functions.php on line 15
[18-Sep-2017 12:51:54 UTC] PHP Parse error:  syntax error, unexpected 'add_filter' (T_STRING) in D:\Bradop\wp-content\themes\accesspress-store-child02\functions.php on line 15
[18-Sep-2017 12:52:00 UTC] PHP Parse error:  syntax error, unexpected 'add_filter' (T_STRING) in D:\Bradop\wp-content\themes\accesspress-store-child02\functions.php on line 15
[18-Sep-2017 12:52:00 UTC] PHP Parse error:  syntax error, unexpected 'add_filter' (T_STRING) in D:\Bradop\wp-content\themes\accesspress-store-child02\functions.php on line 15
[18-Sep-2017 12:52:01 UTC] PHP Parse error:  syntax error, unexpected 'add_filter' (T_STRING) in D:\Bradop\wp-content\themes\accesspress-store-child02\functions.php on line 15
[18-Sep-2017 12:52:02 UTC] PHP Parse error:  syntax error, unexpected 'add_filter' (T_STRING) in D:\Bradop\wp-content\themes\accesspress-store-child02\functions.php on line 15
[18-Sep-2017 12:52:07 UTC] PHP Parse error:  syntax error, unexpected 'add_filter' (T_STRING) in D:\Bradop\wp-content\themes\accesspress-store-child02\functions.php on line 15
[18-Sep-2017 12:52:07 UTC] PHP Parse error:  syntax error, unexpected 'add_filter' (T_STRING) in D:\Bradop\wp-content\themes\accesspress-store-child02\functions.php on line 15
[18-Sep-2017 12:52:07 UTC] PHP Parse error:  syntax error, unexpected 'add_filter' (T_STRING) in D:\Bradop\wp-content\themes\accesspress-store-child02\functions.php on line 15
[18-Sep-2017 12:52:10 UTC] PHP Parse error:  syntax error, unexpected 'add_filter' (T_STRING) in D:\Bradop\wp-content\themes\accesspress-store-child02\functions.php on line 15
[18-Sep-2017 12:52:11 UTC] PHP Parse error:  syntax error, unexpected 'add_filter' (T_STRING) in D:\Bradop\wp-content\themes\accesspress-store-child02\functions.php on line 15
[18-Sep-2017 12:52:13 UTC] PHP Parse error:  syntax error, unexpected 'add_filter' (T_STRING) in D:\Bradop\wp-content\themes\accesspress-store-child02\functions.php on line 15
[18-Sep-2017 12:52:14 UTC] PHP Parse error:  syntax error, unexpected 'add_filter' (T_STRING) in D:\Bradop\wp-content\themes\accesspress-store-child02\functions.php on line 15
[18-Sep-2017 12:52:16 UTC] PHP Parse error:  syntax error, unexpected 'add_filter' (T_STRING) in D:\Bradop\wp-content\themes\accesspress-store-child02\functions.php on line 15
[18-Sep-2017 12:52:16 UTC] PHP Parse error:  syntax error, unexpected 'add_filter' (T_STRING) in D:\Bradop\wp-content\themes\accesspress-store-child02\functions.php on line 15
[18-Sep-2017 12:52:16 UTC] PHP Parse error:  syntax error, unexpected 'add_filter' (T_STRING) in D:\Bradop\wp-content\themes\accesspress-store-child02\functions.php on line 15
[18-Sep-2017 12:52:16 UTC] PHP Parse error:  syntax error, unexpected 'add_filter' (T_STRING) in D:\Bradop\wp-content\themes\accesspress-store-child02\functions.php on line 15
[18-Sep-2017 12:52:18 UTC] PHP Parse error:  syntax error, unexpected 'add_filter' (T_STRING) in D:\Bradop\wp-content\themes\accesspress-store-child02\functions.php on line 15
[18-Sep-2017 12:52:21 UTC] PHP Parse error:  syntax error, unexpected 'add_filter' (T_STRING) in D:\Bradop\wp-content\themes\accesspress-store-child02\functions.php on line 15
[18-Sep-2017 12:52:24 UTC] PHP Parse error:  syntax error, unexpected 'add_filter' (T_STRING) in D:\Bradop\wp-content\themes\accesspress-store-child02\functions.php on line 15
[18-Sep-2017 12:52:24 UTC] PHP Parse error:  syntax error, unexpected 'add_filter' (T_STRING) in D:\Bradop\wp-content\themes\accesspress-store-child02\functions.php on line 15
[18-Sep-2017 12:52:26 UTC] PHP Parse error:  syntax error, unexpected 'add_filter' (T_STRING) in D:\Bradop\wp-content\themes\accesspress-store-child02\functions.php on line 15
[18-Sep-2017 12:52:27 UTC] PHP Parse error:  syntax error, unexpected 'add_filter' (T_STRING) in D:\Bradop\wp-content\themes\accesspress-store-child02\functions.php on line 15
[18-Sep-2017 12:52:28 UTC] PHP Parse error:  syntax error, unexpected 'add_filter' (T_STRING) in D:\Bradop\wp-content\themes\accesspress-store-child02\functions.php on line 15
[18-Sep-2017 12:52:28 UTC] PHP Parse error:  syntax error, unexpected 'add_filter' (T_STRING) in D:\Bradop\wp-content\themes\accesspress-store-child02\functions.php on line 15
[18-Sep-2017 12:52:31 UTC] PHP Parse error:  syntax error, unexpected 'add_filter' (T_STRING) in D:\Bradop\wp-content\themes\accesspress-store-child02\functions.php on line 15
[18-Sep-2017 12:52:31 UTC] PHP Parse error:  syntax error, unexpected 'add_filter' (T_STRING) in D:\Bradop\wp-content\themes\accesspress-store-child02\functions.php on line 15
[18-Sep-2017 12:52:33 UTC] PHP Parse error:  syntax error, unexpected 'add_filter' (T_STRING) in D:\Bradop\wp-content\themes\accesspress-store-child02\functions.php on line 15
[18-Sep-2017 12:52:34 UTC] PHP Parse error:  syntax error, unexpected 'add_filter' (T_STRING) in D:\Bradop\wp-content\themes\accesspress-store-child02\functions.php on line 15
[18-Sep-2017 12:52:38 UTC] PHP Parse error:  syntax error, unexpected 'add_filter' (T_STRING) in D:\Bradop\wp-content\themes\accesspress-store-child02\functions.php on line 15
[18-Sep-2017 12:52:38 UTC] PHP Parse error:  syntax error, unexpected 'add_filter' (T_STRING) in D:\Bradop\wp-content\themes\accesspress-store-child02\functions.php on line 15
[18-Sep-2017 12:52:39 UTC] PHP Parse error:  syntax error, unexpected 'add_filter' (T_STRING) in D:\Bradop\wp-content\themes\accesspress-store-child02\functions.php on line 15
[18-Sep-2017 12:52:40 UTC] PHP Parse error:  syntax error, unexpected 'add_filter' (T_STRING) in D:\Bradop\wp-content\themes\accesspress-store-child02\functions.php on line 15
[18-Sep-2017 12:52:41 UTC] PHP Parse error:  syntax error, unexpected 'add_filter' (T_STRING) in D:\Bradop\wp-content\themes\accesspress-store-child02\functions.php on line 15
[18-Sep-2017 12:52:41 UTC] PHP Parse error:  syntax error, unexpected 'add_filter' (T_STRING) in D:\Bradop\wp-content\themes\accesspress-store-child02\functions.php on line 15
[18-Sep-2017 12:52:44 UTC] PHP Parse error:  syntax error, unexpected 'add_filter' (T_STRING) in D:\Bradop\wp-content\themes\accesspress-store-child02\functions.php on line 15
[18-Sep-2017 12:52:45 UTC] PHP Parse error:  syntax error, unexpected 'add_filter' (T_STRING) in D:\Bradop\wp-content\themes\accesspress-store-child02\functions.php on line 15
[18-Sep-2017 12:52:45 UTC] PHP Parse error:  syntax error, unexpected 'add_filter' (T_STRING) in D:\Bradop\wp-content\themes\accesspress-store-child02\functions.php on line 15
[18-Sep-2017 12:52:46 UTC] PHP Parse error:  syntax error, unexpected 'add_filter' (T_STRING) in D:\Bradop\wp-content\themes\accesspress-store-child02\functions.php on line 15
[18-Sep-2017 12:52:47 UTC] PHP Parse error:  syntax error, unexpected 'add_filter' (T_STRING) in D:\Bradop\wp-content\themes\accesspress-store-child02\functions.php on line 15
[18-Sep-2017 12:52:48 UTC] PHP Parse error:  syntax error, unexpected 'add_filter' (T_STRING) in D:\Bradop\wp-content\themes\accesspress-store-child02\functions.php on line 15
[18-Sep-2017 12:52:50 UTC] PHP Parse error:  syntax error, unexpected 'add_filter' (T_STRING) in D:\Bradop\wp-content\themes\accesspress-store-child02\functions.php on line 15
[18-Sep-2017 12:52:50 UTC] PHP Parse error:  syntax error, unexpected 'add_filter' (T_STRING) in D:\Bradop\wp-content\themes\accesspress-store-child02\functions.php on line 15
[18-Sep-2017 12:52:52 UTC] PHP Parse error:  syntax error, unexpected 'add_filter' (T_STRING) in D:\Bradop\wp-content\themes\accesspress-store-child02\functions.php on line 15
[18-Sep-2017 12:52:52 UTC] PHP Parse error:  syntax error, unexpected 'add_filter' (T_STRING) in D:\Bradop\wp-content\themes\accesspress-store-child02\functions.php on line 15
[18-Sep-2017 12:52:54 UTC] PHP Parse error:  syntax error, unexpected 'add_filter' (T_STRING) in D:\Bradop\wp-content\themes\accesspress-store-child02\functions.php on line 15
[18-Sep-2017 12:52:55 UTC] PHP Parse error:  syntax error, unexpected 'add_filter' (T_STRING) in D:\Bradop\wp-content\themes\accesspress-store-child02\functions.php on line 15
[18-Sep-2017 12:52:58 UTC] PHP Parse error:  syntax error, unexpected 'add_filter' (T_STRING) in D:\Bradop\wp-content\themes\accesspress-store-child02\functions.php on line 15
[18-Sep-2017 12:52:59 UTC] PHP Parse error:  syntax error, unexpected 'add_filter' (T_STRING) in D:\Bradop\wp-content\themes\accesspress-store-child02\functions.php on line 15
[18-Sep-2017 12:52:59 UTC] PHP Parse error:  syntax error, unexpected 'add_filter' (T_STRING) in D:\Bradop\wp-content\themes\accesspress-store-child02\functions.php on line 15
[18-Sep-2017 12:53:00 UTC] PHP Parse error:  syntax error, unexpected 'add_filter' (T_STRING) in D:\Bradop\wp-content\themes\accesspress-store-child02\functions.php on line 15
[18-Sep-2017 12:53:01 UTC] PHP Parse error:  syntax error, unexpected 'add_filter' (T_STRING) in D:\Bradop\wp-content\themes\accesspress-store-child02\functions.php on line 15
[18-Sep-2017 12:53:02 UTC] PHP Parse error:  syntax error, unexpected 'add_filter' (T_STRING) in D:\Bradop\wp-content\themes\accesspress-store-child02\functions.php on line 15
[18-Sep-2017 12:53:05 UTC] PHP Parse error:  syntax error, unexpected end of file in D:\Bradop\wp-content\themes\accesspress-store-child02\functions.php on line 18
[18-Sep-2017 12:53:06 UTC] PHP Parse error:  syntax error, unexpected end of file in D:\Bradop\wp-content\themes\accesspress-store-child02\functions.php on line 18
[18-Sep-2017 12:53:06 UTC] PHP Parse error:  syntax error, unexpected end of file in D:\Bradop\wp-content\themes\accesspress-store-child02\functions.php on line 18
[18-Sep-2017 12:53:08 UTC] PHP Parse error:  syntax error, unexpected end of file in D:\Bradop\wp-content\themes\accesspress-store-child02\functions.php on line 18
[18-Sep-2017 12:53:09 UTC] PHP Parse error:  syntax error, unexpected end of file in D:\Bradop\wp-content\themes\accesspress-store-child02\functions.php on line 18
[18-Sep-2017 12:53:11 UTC] PHP Parse error:  syntax error, unexpected end of file in D:\Bradop\wp-content\themes\accesspress-store-child02\functions.php on line 18
[18-Sep-2017 12:53:13 UTC] PHP Parse error:  syntax error, unexpected end of file in D:\Bradop\wp-content\themes\accesspress-store-child02\functions.php on line 18
[18-Sep-2017 12:53:13 UTC] PHP Parse error:  syntax error, unexpected end of file in D:\Bradop\wp-content\themes\accesspress-store-child02\functions.php on line 18
[18-Sep-2017 12:53:13 UTC] PHP Parse error:  syntax error, unexpected end of file in D:\Bradop\wp-content\themes\accesspress-store-child02\functions.php on line 18
[18-Sep-2017 12:54:59 UTC] WordPress database error Deadlock found when trying to get lock; try restarting transaction for query DELETE FROM `wp_options` WHERE `option_name` = '_transient_external_ip_address_127.0.0.1' made by require_once('D:\Bradop\wp-load.php'), require_once('D:\Bradop\wp-config.php'), require_once('D:\Bradop\wp-settings.php'), do_action('init'), WP_Hook->do_action, WP_Hook->apply_filters, call_user_func_array, WooCommerce->init, WC_Customer->__construct, WC_Data_Store->read, WC_Customer_Data_Store_Session->read, WC_Customer_Data_Store_Session->set_defaults, wc_get_customer_default_location, WC_Geolocation::geolocate_ip, WC_Geolocation::get_external_ip_address, get_transient, delete_option
[18-Sep-2017 13:01:14 UTC] The The "add_to_cart_fragments" hook uses out of date data structures and function is deprecated since version 3.1.2. Replace with woocommerce_add_to_cart_fragments.
[19-Sep-2017 06:02:37 UTC] WP_Community_Events::maybe_log_events_response: Valid response received. Details: {"api_url":"https:\/\/api.wordpress.org\/events\/1.0\/","request_args":{"body":{"number":5,"ip":"::","locale":"en_US","timezone":"Europe\/Prague"}},"response_code":200,"response_body":{"location":{"ip":"193.85.179.90"},"events":"1 events trimmed."}}
[19-Sep-2017 08:38:40 UTC] The The "add_to_cart_fragments" hook uses out of date data structures and function is deprecated since version 3.1.2. Replace with woocommerce_add_to_cart_fragments.
[19-Sep-2017 08:41:54 UTC] The The "add_to_cart_fragments" hook uses out of date data structures and function is deprecated since version 3.1.2. Replace with woocommerce_add_to_cart_fragments.
[19-Sep-2017 08:56:33 UTC] The The "add_to_cart_fragments" hook uses out of date data structures and function is deprecated since version 3.1.2. Replace with woocommerce_add_to_cart_fragments.
[19-Sep-2017 08:57:10 UTC] The The "add_to_cart_fragments" hook uses out of date data structures and function is deprecated since version 3.1.2. Replace with woocommerce_add_to_cart_fragments.
[19-Sep-2017 09:16:54 UTC] The The "add_to_cart_fragments" hook uses out of date data structures and function is deprecated since version 3.1.2. Replace with woocommerce_add_to_cart_fragments.
[19-Sep-2017 10:05:13 UTC] The The "add_to_cart_fragments" hook uses out of date data structures and function is deprecated since version 3.1.2. Replace with woocommerce_add_to_cart_fragments.
[20-Sep-2017 06:06:07 UTC] The The "add_to_cart_fragments" hook uses out of date data structures and function is deprecated since version 3.1.2. Replace with woocommerce_add_to_cart_fragments.
